malloc s1 :
0x804a008:	0x00	0x00	0x00	0x00	0x00	0x00	0x00	0x00
0x804a010:	0x00	0x00	0x00	0x00	0xf1	0x0f	0x02	0x00
0x804a018:	0x00	0x00	0x00	0x00	0x00	0x00	0x00	0x00
0x804a020:	0x00	0x00	0x00	0x00	0x00	0x00	0x00	0x00
0x804a028:	0x00	0x00	0x00	0x00	0x00	0x00	0x00	0x00
0x804a030:	0x00	0x00	0x00	0x00	0x00	0x00	0x00	0x00
0x804a038:	0x00	0x00	0x00	0x00	0x00	0x00	0x00	0x00
0x804a040:	0x00	0x00	0x00	0x00	0x00	0x00	0x00	0x00
0x804a048:	0x00	0x00	0x00	0x00	0x00	0x00	0x00	0x00
0x804a050:	0x00	0x00	0x00	0x00	0x00	0x00	0x00	0x00
0x804a058:	0x00	0x00	0x00	0x00	0x00	0x00	0x00	0x00
0x804a060:	0x00	0x00	0x00	0x00	0x00	0x00	0x00	0x00
0x804a068:	0x00	0x00	0x00	0x00

s1[0] = 1 (0x0804853e <+29>:	movl   $0x1,(%eax) | => 0x08048544 <+35>:	movl   $0x8,(%esp))
0x804a008:	0x01	0x00	0x00	0x00	0x00	0x00	0x00	0x00
0x804a010:	0x00	0x00	0x00	0x00	0xf1	0x0f	0x02	0x00
0x804a018:	0x00	0x00	0x00	0x00	0x00	0x00	0x00	0x00
0x804a020:	0x00	0x00	0x00	0x00	0x00	0x00	0x00	0x00
0x804a028:	0x00	0x00	0x00	0x00	0x00	0x00	0x00	0x00
0x804a030:	0x00	0x00	0x00	0x00	0x00	0x00	0x00	0x00
0x804a038:	0x00	0x00	0x00	0x00	0x00	0x00	0x00	0x00
0x804a040:	0x00	0x00	0x00	0x00	0x00	0x00	0x00	0x00
0x804a048:	0x00	0x00	0x00	0x00	0x00	0x00	0x00	0x00
0x804a050:	0x00	0x00	0x00	0x00	0x00	0x00	0x00	0x00
0x804a058:	0x00	0x00	0x00	0x00	0x00	0x00	0x00	0x00
0x804a060:	0x00	0x00	0x00	0x00	0x00	0x00	0x00	0x00
0x804a068:	0x00	0x00	0x00	0x00


malloc s1[4] (0x0804854b <+42>:	call   0x80483f0 <malloc@plt> | => 0x08048550 <+47>:	mov    edx,eax)
0x804a008:	0x01	0x00	0x00	0x00	0x00	0x00	0x00	0x00
0x804a010:	0x00	0x00	0x00	0x00	0x11	0x00	0x00	0x00
0x804a018:	0x00	0x00	0x00	0x00	0x00	0x00	0x00	0x00
0x804a020:	0x00	0x00	0x00	0x00	0xe1	0x0f	0x02	0x00
0x804a028:	0x00	0x00	0x00	0x00	0x00	0x00	0x00	0x00
0x804a030:	0x00	0x00	0x00	0x00	0x00	0x00	0x00	0x00
0x804a038:	0x00	0x00	0x00	0x00	0x00	0x00	0x00	0x00
0x804a040:	0x00	0x00	0x00	0x00	0x00	0x00	0x00	0x00
0x804a048:	0x00	0x00	0x00	0x00	0x00	0x00	0x00	0x00
0x804a050:	0x00	0x00	0x00	0x00	0x00	0x00	0x00	0x00
0x804a058:	0x00	0x00	0x00	0x00	0x00	0x00	0x00	0x00
0x804a060:	0x00	0x00	0x00	0x00	0x00	0x00	0x00	0x00
0x804a068:	0x00	0x00	0x00	0x00


s1[4] = malloc(8) (0x08048556 <+53>:	mov    %edx,0x4(%eax) | => 0x08048559 <+56>:	movl   $0x8,(%esp))
0x18	0xa0	0x04	0x08 => 0x0804a018 => une adresse dans la heap
0x804a008:	0x01	0x00	0x00	0x00	0x18	0xa0	0x04	0x08
0x804a010:	0x00	0x00	0x00	0x00	0x11	0x00	0x00	0x00
0x804a018:	0x00	0x00	0x00	0x00	0x00	0x00	0x00	0x00
0x804a020:	0x00	0x00	0x00	0x00	0xe1	0x0f	0x02	0x00
0x804a028:	0x00	0x00	0x00	0x00	0x00	0x00	0x00	0x00
0x804a030:	0x00	0x00	0x00	0x00	0x00	0x00	0x00	0x00
0x804a038:	0x00	0x00	0x00	0x00	0x00	0x00	0x00	0x00
0x804a040:	0x00	0x00	0x00	0x00	0x00	0x00	0x00	0x00
0x804a048:	0x00	0x00	0x00	0x00	0x00	0x00	0x00	0x00
0x804a050:	0x00	0x00	0x00	0x00	0x00	0x00	0x00	0x00
0x804a058:	0x00	0x00	0x00	0x00	0x00	0x00	0x00	0x00
0x804a060:	0x00	0x00	0x00	0x00	0x00	0x00	0x00	0x00
0x804a068:	0x00	0x00	0x00	0x00





s2 = malloc(8) (0x08048560 <+63>:	call   0x80483f0 <malloc@plt> | => 0x08048565 <+68>:	mov    %eax,0x18(%esp))
nouveau malloc ?
0x804a008:	0x01	0x00	0x00	0x00	0x18	0xa0	0x04	0x08
0x804a010:	0x00	0x00	0x00	0x00	0x11	0x00	0x00	0x00
0x804a018:	0x00	0x00	0x00	0x00	0x00	0x00	0x00	0x00
0x804a020:	0x00	0x00	0x00	0x00	0x11	0x00	0x00	0x00
0x804a028:	0x00	0x00	0x00	0x00	0x00	0x00	0x00	0x00
0x804a030:	0x00	0x00	0x00	0x00	0xd1	0x0f	0x02	0x00
0x804a038:	0x00	0x00	0x00	0x00	0x00	0x00	0x00	0x00
0x804a040:	0x00	0x00	0x00	0x00	0x00	0x00	0x00	0x00
0x804a048:	0x00	0x00	0x00	0x00	0x00	0x00	0x00	0x00
0x804a050:	0x00	0x00	0x00	0x00	0x00	0x00	0x00	0x00
0x804a058:	0x00	0x00	0x00	0x00	0x00	0x00	0x00	0x00
0x804a060:	0x00	0x00	0x00	0x00	0x00	0x00	0x00	0x00
0x804a068:	0x00	0x00	0x00	0x00


s2[1] = 2 (0x0804856d <+76>:	movl   $0x2,(%eax) | => 0x08048573 <+82>:	movl   $0x8,(%esp))
0x804a008:	0x01	0x00	0x00	0x00	0x18	0xa0	0x04	0x08
0x804a010:	0x00	0x00	0x00	0x00	0x11	0x00	0x00	0x00
0x804a018:	0x00	0x00	0x00	0x00	0x00	0x00	0x00	0x00
0x804a020:	0x00	0x00	0x00	0x00	0x11	0x00	0x00	0x00
0x804a028:	0x02	0x00	0x00	0x00	0x00	0x00	0x00	0x00
0x804a030:	0x00	0x00	0x00	0x00	0xd1	0x0f	0x02	0x00
0x804a038:	0x00	0x00	0x00	0x00	0x00	0x00	0x00	0x00
0x804a040:	0x00	0x00	0x00	0x00	0x00	0x00	0x00	0x00
0x804a048:	0x00	0x00	0x00	0x00	0x00	0x00	0x00	0x00
0x804a050:	0x00	0x00	0x00	0x00	0x00	0x00	0x00	0x00
0x804a058:	0x00	0x00	0x00	0x00	0x00	0x00	0x00	0x00
0x804a060:	0x00	0x00	0x00	0x00	0x00	0x00	0x00	0x00
0x804a068:	0x00	0x00	0x00	0x00

malloc s2[4] (0x0804857a <+89>:	call   0x80483f0 <malloc@plt> | => 0x0804857f <+94>:	mov    %eax,%edx)
0x804a008:	0x01	0x00	0x00	0x00	0x18	0xa0	0x04	0x08
0x804a010:	0x00	0x00	0x00	0x00	0x11	0x00	0x00	0x00
0x804a018:	0x00	0x00	0x00	0x00	0x00	0x00	0x00	0x00
0x804a020:	0x00	0x00	0x00	0x00	0x11	0x00	0x00	0x00
0x804a028:	0x02	0x00	0x00	0x00	0x00	0x00	0x00	0x00
0x804a030:	0x00	0x00	0x00	0x00	0x11	0x00	0x00	0x00
0x804a038:	0x00	0x00	0x00	0x00	0x00	0x00	0x00	0x00
0x804a040:	0x00	0x00	0x00	0x00	0xc1	0x0f	0x02	0x00
0x804a048:	0x00	0x00	0x00	0x00	0x00	0x00	0x00	0x00
0x804a050:	0x00	0x00	0x00	0x00	0x00	0x00	0x00	0x00
0x804a058:	0x00	0x00	0x00	0x00	0x00	0x00	0x00	0x00
0x804a060:	0x00	0x00	0x00	0x00	0x00	0x00	0x00	0x00
0x804a068:	0x00	0x00	0x00	0x00


s2[4] = malloc(8) (0x08048585 <+100>:	mov    %edx,0x4(%eax) | => 0x08048588 <+103>:	mov    0xc(%ebp),%eax)
0x38	0xa0	0x04	0x08 => 0x0804a038 => une adresse dans la heap
0x804a008:	0x01	0x00	0x00	0x00	0x18	0xa0	0x04	0x08
0x804a010:	0x00	0x00	0x00	0x00	0x11	0x00	0x00	0x00
0x804a018:	0x00	0x00	0x00	0x00	0x00	0x00	0x00	0x00
0x804a020:	0x00	0x00	0x00	0x00	0x11	0x00	0x00	0x00
0x804a028:	0x02	0x00	0x00	0x00	0x38	0xa0	0x04	0x08
0x804a030:	0x00	0x00	0x00	0x00	0x11	0x00	0x00	0x00
0x804a038:	0x00	0x00	0x00	0x00	0x00	0x00	0x00	0x00
0x804a040:	0x00	0x00	0x00	0x00	0xc1	0x0f	0x02	0x00
0x804a048:	0x00	0x00	0x00	0x00	0x00	0x00	0x00	0x00
0x804a050:	0x00	0x00	0x00	0x00	0x00	0x00	0x00	0x00
0x804a058:	0x00	0x00	0x00	0x00	0x00	0x00	0x00	0x00
0x804a060:	0x00	0x00	0x00	0x00	0x00	0x00	0x00	0x00
0x804a068:	0x00	0x00	0x00	0x00
